 BELLHOP/BELLHOP3D

 BELLHOP- ICEX16 238m                                                            
 frequency =   850.0     Hz

 Dummy parameter NMedia =            1

     Spline approximation to SSP
     Attenuation units: dB/mkHz
     VACUUM

 Depth =    3000.00 m

 Sound speed profile:
   z (m)     alphaR (m/s)   betaR  rho (g/cm^3)  alphaI     betaI

      0.00      1431.00      0.00     1.00       0.0000    0.0000
     16.32      1431.40      0.00     1.00       0.0000    0.0000
     18.35      1431.44      0.00     1.00       0.0000    0.0000
     20.39      1431.47      0.00     1.00       0.0000    0.0000
     22.43      1431.50      0.00     1.00       0.0000    0.0000
     24.47      1431.53      0.00     1.00       0.0000    0.0000
     26.51      1431.57      0.00     1.00       0.0000    0.0000
     28.55      1431.60      0.00     1.00       0.0000    0.0000
     30.59      1431.64      0.00     1.00       0.0000    0.0000
     32.63      1431.67      0.00     1.00       0.0000    0.0000
     34.67      1431.70      0.00     1.00       0.0000    0.0000
     36.71      1431.74      0.00     1.00       0.0000    0.0000
     38.75      1431.77      0.00     1.00       0.0000    0.0000
     40.79      1432.20      0.00     1.00       0.0000    0.0000
     42.83      1434.47      0.00     1.00       0.0000    0.0000
     44.87      1435.49      0.00     1.00       0.0000    0.0000
     46.91      1435.51      0.00     1.00       0.0000    0.0000
     48.95      1435.60      0.00     1.00       0.0000    0.0000
     50.99      1436.00      0.00     1.00       0.0000    0.0000
     53.03      1436.54      0.00     1.00       0.0000    0.0000
     55.06      1437.40      0.00     1.00       0.0000    0.0000
     57.10      1438.58      0.00     1.00       0.0000    0.0000
     59.14      1439.82      0.00     1.00       0.0000    0.0000
     61.18      1441.51      0.00     1.00       0.0000    0.0000
     63.22      1443.07      0.00     1.00       0.0000    0.0000
     65.26      1444.08      0.00     1.00       0.0000    0.0000
     67.30      1444.67      0.00     1.00       0.0000    0.0000
     69.34      1445.03      0.00     1.00       0.0000    0.0000
     71.38      1445.32      0.00     1.00       0.0000    0.0000
     73.42      1445.45      0.00     1.00       0.0000    0.0000
     75.46      1445.44      0.00     1.00       0.0000    0.0000
     77.50      1445.32      0.00     1.00       0.0000    0.0000
     79.54      1445.15      0.00     1.00       0.0000    0.0000
     81.58      1444.93      0.00     1.00       0.0000    0.0000
     83.62      1444.74      0.00     1.00       0.0000    0.0000
     85.66      1444.55      0.00     1.00       0.0000    0.0000
     87.70      1444.33      0.00     1.00       0.0000    0.0000
     89.73      1444.17      0.00     1.00       0.0000    0.0000
     91.77      1444.02      0.00     1.00       0.0000    0.0000
     93.81      1443.84      0.00     1.00       0.0000    0.0000
     95.85      1443.69      0.00     1.00       0.0000    0.0000
     97.89      1443.58      0.00     1.00       0.0000    0.0000
     99.93      1443.44      0.00     1.00       0.0000    0.0000
    101.97      1443.28      0.00     1.00       0.0000    0.0000
    104.01      1443.13      0.00     1.00       0.0000    0.0000
    106.05      1442.98      0.00     1.00       0.0000    0.0000
    108.09      1442.86      0.00     1.00       0.0000    0.0000
    110.13      1442.76      0.00     1.00       0.0000    0.0000
    112.17      1442.67      0.00     1.00       0.0000    0.0000
    114.21      1442.56      0.00     1.00       0.0000    0.0000
    116.25      1442.46      0.00     1.00       0.0000    0.0000
    118.29      1442.37      0.00     1.00       0.0000    0.0000
    120.33      1442.32      0.00     1.00       0.0000    0.0000
    122.37      1442.27      0.00     1.00       0.0000    0.0000
    124.41      1442.20      0.00     1.00       0.0000    0.0000
    126.44      1442.12      0.00     1.00       0.0000    0.0000
    128.48      1442.07      0.00     1.00       0.0000    0.0000
    130.52      1442.02      0.00     1.00       0.0000    0.0000
    132.56      1442.01      0.00     1.00       0.0000    0.0000
    134.60      1442.00      0.00     1.00       0.0000    0.0000
    136.64      1441.99      0.00     1.00       0.0000    0.0000
    138.68      1442.00      0.00     1.00       0.0000    0.0000
    140.72      1442.01      0.00     1.00       0.0000    0.0000
    142.76      1442.03      0.00     1.00       0.0000    0.0000
    144.80      1442.01      0.00     1.00       0.0000    0.0000
    146.84      1442.00      0.00     1.00       0.0000    0.0000
    148.88      1442.05      0.00     1.00       0.0000    0.0000
    150.92      1442.10      0.00     1.00       0.0000    0.0000
    152.96      1442.13      0.00     1.00       0.0000    0.0000
    155.00      1442.16      0.00     1.00       0.0000    0.0000
    157.04      1442.18      0.00     1.00       0.0000    0.0000
    159.08      1442.21      0.00     1.00       0.0000    0.0000
    161.12      1442.23      0.00     1.00       0.0000    0.0000
    163.15      1442.26      0.00     1.00       0.0000    0.0000
    165.19      1442.28      0.00     1.00       0.0000    0.0000
    167.23      1442.31      0.00     1.00       0.0000    0.0000
    169.27      1442.33      0.00     1.00       0.0000    0.0000
    171.31      1442.36      0.00     1.00       0.0000    0.0000
    173.35      1442.38      0.00     1.00       0.0000    0.0000
    175.39      1442.39      0.00     1.00       0.0000    0.0000
    177.43      1442.43      0.00     1.00       0.0000    0.0000
    179.47      1442.46      0.00     1.00       0.0000    0.0000
    181.51      1442.47      0.00     1.00       0.0000    0.0000
    183.55      1442.49      0.00     1.00       0.0000    0.0000
    185.59      1442.52      0.00     1.00       0.0000    0.0000
    187.63      1442.54      0.00     1.00       0.0000    0.0000
    189.67      1442.56      0.00     1.00       0.0000    0.0000
    191.71      1442.60      0.00     1.00       0.0000    0.0000
    193.75      1442.63      0.00     1.00       0.0000    0.0000
    195.79      1442.65      0.00     1.00       0.0000    0.0000
    197.82      1442.69      0.00     1.00       0.0000    0.0000
    199.86      1442.72      0.00     1.00       0.0000    0.0000
    201.90      1442.75      0.00     1.00       0.0000    0.0000
    203.94      1442.82      0.00     1.00       0.0000    0.0000
    205.98      1442.87      0.00     1.00       0.0000    0.0000
    208.02      1442.95      0.00     1.00       0.0000    0.0000
    210.06      1442.99      0.00     1.00       0.0000    0.0000
    212.10      1443.02      0.00     1.00       0.0000    0.0000
    214.14      1443.07      0.00     1.00       0.0000    0.0000
    216.18      1443.14      0.00     1.00       0.0000    0.0000
    218.22      1443.25      0.00     1.00       0.0000    0.0000
    220.26      1443.35      0.00     1.00       0.0000    0.0000
    222.30      1443.42      0.00     1.00       0.0000    0.0000
    224.34      1443.50      0.00     1.00       0.0000    0.0000
    226.38      1443.61      0.00     1.00       0.0000    0.0000
    228.42      1443.72      0.00     1.00       0.0000    0.0000
    230.46      1443.89      0.00     1.00       0.0000    0.0000
    232.50      1444.06      0.00     1.00       0.0000    0.0000
    234.53      1444.22      0.00     1.00       0.0000    0.0000
    236.57      1444.36      0.00     1.00       0.0000    0.0000
    238.61      1444.54      0.00     1.00       0.0000    0.0000
    240.65      1444.72      0.00     1.00       0.0000    0.0000
    242.69      1444.91      0.00     1.00       0.0000    0.0000
    244.73      1445.14      0.00     1.00       0.0000    0.0000
    246.77      1445.35      0.00     1.00       0.0000    0.0000
    248.81      1445.56      0.00     1.00       0.0000    0.0000
    250.85      1445.80      0.00     1.00       0.0000    0.0000
    252.89      1446.07      0.00     1.00       0.0000    0.0000
    254.93      1446.35      0.00     1.00       0.0000    0.0000
    256.97      1446.65      0.00     1.00       0.0000    0.0000
    259.01      1446.99      0.00     1.00       0.0000    0.0000
    261.05      1447.33      0.00     1.00       0.0000    0.0000
    263.09      1447.64      0.00     1.00       0.0000    0.0000
    265.13      1447.88      0.00     1.00       0.0000    0.0000
    267.17      1448.16      0.00     1.00       0.0000    0.0000
    269.20      1448.51      0.00     1.00       0.0000    0.0000
    271.24      1448.76      0.00     1.00       0.0000    0.0000
    273.28      1448.96      0.00     1.00       0.0000    0.0000
    275.32      1449.16      0.00     1.00       0.0000    0.0000
    277.36      1449.33      0.00     1.00       0.0000    0.0000
    279.40      1449.53      0.00     1.00       0.0000    0.0000
    281.44      1449.80      0.00     1.00       0.0000    0.0000
    283.48      1450.07      0.00     1.00       0.0000    0.0000
    285.52      1450.33      0.00     1.00       0.0000    0.0000
    287.56      1450.54      0.00     1.00       0.0000    0.0000
    289.60      1450.76      0.00     1.00       0.0000    0.0000
    291.64      1450.98      0.00     1.00       0.0000    0.0000
    293.68      1451.19      0.00     1.00       0.0000    0.0000
    295.72      1451.34      0.00     1.00       0.0000    0.0000
    297.76      1451.51      0.00     1.00       0.0000    0.0000
    299.80      1451.65      0.00     1.00       0.0000    0.0000
    301.84      1451.82      0.00     1.00       0.0000    0.0000
    303.88      1451.98      0.00     1.00       0.0000    0.0000
    305.91      1452.13      0.00     1.00       0.0000    0.0000
    307.95      1452.33      0.00     1.00       0.0000    0.0000
    309.99      1452.46      0.00     1.00       0.0000    0.0000
    312.03      1452.65      0.00     1.00       0.0000    0.0000
    314.07      1452.80      0.00     1.00       0.0000    0.0000
    316.11      1453.03      0.00     1.00       0.0000    0.0000
    318.15      1453.13      0.00     1.00       0.0000    0.0000
    320.19      1453.30      0.00     1.00       0.0000    0.0000
    322.23      1453.41      0.00     1.00       0.0000    0.0000
    324.27      1453.57      0.00     1.00       0.0000    0.0000
    326.31      1453.74      0.00     1.00       0.0000    0.0000
    328.35      1453.86      0.00     1.00       0.0000    0.0000
    330.39      1454.09      0.00     1.00       0.0000    0.0000
    332.43      1454.17      0.00     1.00       0.0000    0.0000
    334.47      1454.37      0.00     1.00       0.0000    0.0000
    336.51      1454.53      0.00     1.00       0.0000    0.0000
    338.55      1454.59      0.00     1.00       0.0000    0.0000
    340.59      1454.78      0.00     1.00       0.0000    0.0000
    342.62      1454.89      0.00     1.00       0.0000    0.0000
    344.66      1455.09      0.00     1.00       0.0000    0.0000
    346.70      1455.20      0.00     1.00       0.0000    0.0000
    348.74      1455.40      0.00     1.00       0.0000    0.0000
    350.78      1455.53      0.00     1.00       0.0000    0.0000
    352.82      1455.57      0.00     1.00       0.0000    0.0000
    354.86      1455.65      0.00     1.00       0.0000    0.0000
    356.90      1455.86      0.00     1.00       0.0000    0.0000
    358.94      1455.96      0.00     1.00       0.0000    0.0000
    360.98      1456.00      0.00     1.00       0.0000    0.0000
    363.02      1456.15      0.00     1.00       0.0000    0.0000
    365.06      1456.35      0.00     1.00       0.0000    0.0000
    367.10      1456.49      0.00     1.00       0.0000    0.0000
    369.14      1456.57      0.00     1.00       0.0000    0.0000
    371.18      1456.72      0.00     1.00       0.0000    0.0000
    373.22      1456.89      0.00     1.00       0.0000    0.0000
    375.26      1456.96      0.00     1.00       0.0000    0.0000
    377.29      1457.00      0.00     1.00       0.0000    0.0000
    379.33      1457.04      0.00     1.00       0.0000    0.0000
    381.37      1457.15      0.00     1.00       0.0000    0.0000
    383.41      1457.30      0.00     1.00       0.0000    0.0000
    385.45      1457.44      0.00     1.00       0.0000    0.0000
    387.49      1457.50      0.00     1.00       0.0000    0.0000
    389.53      1457.55      0.00     1.00       0.0000    0.0000
    391.57      1457.66      0.00     1.00       0.0000    0.0000
    393.61      1457.76      0.00     1.00       0.0000    0.0000
    395.65      1457.80      0.00     1.00       0.0000    0.0000
    397.69      1457.89      0.00     1.00       0.0000    0.0000
    399.73      1458.00      0.00     1.00       0.0000    0.0000
    401.77      1458.11      0.00     1.00       0.0000    0.0000
    403.81      1458.17      0.00     1.00       0.0000    0.0000
    405.85      1458.21      0.00     1.00       0.0000    0.0000
    407.89      1458.25      0.00     1.00       0.0000    0.0000
    409.93      1458.28      0.00     1.00       0.0000    0.0000
    411.97      1458.32      0.00     1.00       0.0000    0.0000
    414.00      1458.35      0.00     1.00       0.0000    0.0000
    416.04      1458.38      0.00     1.00       0.0000    0.0000
    418.08      1458.42      0.00     1.00       0.0000    0.0000
    420.12      1458.45      0.00     1.00       0.0000    0.0000
    422.16      1458.49      0.00     1.00       0.0000    0.0000
    424.20      1458.59      0.00     1.00       0.0000    0.0000
    426.24      1458.65      0.00     1.00       0.0000    0.0000
    428.28      1458.69      0.00     1.00       0.0000    0.0000
    430.32      1458.73      0.00     1.00       0.0000    0.0000
    432.36      1458.76      0.00     1.00       0.0000    0.0000
    434.40      1458.80      0.00     1.00       0.0000    0.0000
    436.44      1458.90      0.00     1.00       0.0000    0.0000
    438.48      1458.99      0.00     1.00       0.0000    0.0000
    440.52      1459.11      0.00     1.00       0.0000    0.0000
    442.56      1459.18      0.00     1.00       0.0000    0.0000
    444.60      1459.28      0.00     1.00       0.0000    0.0000
    446.64      1459.33      0.00     1.00       0.0000    0.0000
    448.68      1459.37      0.00     1.00       0.0000    0.0000
    450.71      1459.42      0.00     1.00       0.0000    0.0000
    452.75      1459.47      0.00     1.00       0.0000    0.0000
    454.79      1459.51      0.00     1.00       0.0000    0.0000
    456.83      1459.54      0.00     1.00       0.0000    0.0000
    458.87      1459.57      0.00     1.00       0.0000    0.0000
    460.91      1459.61      0.00     1.00       0.0000    0.0000
    462.95      1459.64      0.00     1.00       0.0000    0.0000
    464.99      1459.68      0.00     1.00       0.0000    0.0000
    467.03      1459.71      0.00     1.00       0.0000    0.0000
    469.07      1459.75      0.00     1.00       0.0000    0.0000
    471.11      1459.79      0.00     1.00       0.0000    0.0000
    473.15      1459.84      0.00     1.00       0.0000    0.0000
    475.19      1459.90      0.00     1.00       0.0000    0.0000
    477.23      1459.96      0.00     1.00       0.0000    0.0000
    479.27      1460.02      0.00     1.00       0.0000    0.0000
    481.31      1460.07      0.00     1.00       0.0000    0.0000
    483.35      1460.11      0.00     1.00       0.0000    0.0000
    485.38      1460.14      0.00     1.00       0.0000    0.0000
    487.42      1460.19      0.00     1.00       0.0000    0.0000
    489.46      1460.22      0.00     1.00       0.0000    0.0000
    491.50      1460.25      0.00     1.00       0.0000    0.0000
    493.54      1460.29      0.00     1.00       0.0000    0.0000
    495.58      1460.32      0.00     1.00       0.0000    0.0000
    497.62      1460.36      0.00     1.00       0.0000    0.0000
    499.66      1460.39      0.00     1.00       0.0000    0.0000
    501.70      1460.42      0.00     1.00       0.0000    0.0000
    503.74      1460.45      0.00     1.00       0.0000    0.0000
    505.78      1460.48      0.00     1.00       0.0000    0.0000
    507.82      1460.51      0.00     1.00       0.0000    0.0000
    509.86      1460.54      0.00     1.00       0.0000    0.0000
    511.90      1460.57      0.00     1.00       0.0000    0.0000
    513.94      1460.59      0.00     1.00       0.0000    0.0000
    515.98      1460.61      0.00     1.00       0.0000    0.0000
    518.02      1460.63      0.00     1.00       0.0000    0.0000
    520.06      1460.65      0.00     1.00       0.0000    0.0000
    522.09      1460.68      0.00     1.00       0.0000    0.0000
    524.13      1460.69      0.00     1.00       0.0000    0.0000
    526.17      1460.70      0.00     1.00       0.0000    0.0000
    528.21      1460.71      0.00     1.00       0.0000    0.0000
    530.25      1460.71      0.00     1.00       0.0000    0.0000
    532.29      1460.73      0.00     1.00       0.0000    0.0000
    534.33      1460.75      0.00     1.00       0.0000    0.0000
    536.37      1460.78      0.00     1.00       0.0000    0.0000
    538.41      1460.82      0.00     1.00       0.0000    0.0000
    540.45      1460.85      0.00     1.00       0.0000    0.0000
    542.49      1460.88      0.00     1.00       0.0000    0.0000
    544.53      1460.93      0.00     1.00       0.0000    0.0000
    546.57      1460.96      0.00     1.00       0.0000    0.0000
    548.61      1460.99      0.00     1.00       0.0000    0.0000
    550.65      1461.01      0.00     1.00       0.0000    0.0000
    552.69      1461.04      0.00     1.00       0.0000    0.0000
    554.73      1461.06      0.00     1.00       0.0000    0.0000
    556.76      1461.08      0.00     1.00       0.0000    0.0000
    558.80      1461.14      0.00     1.00       0.0000    0.0000
    560.84      1461.19      0.00     1.00       0.0000    0.0000
    562.88      1461.22      0.00     1.00       0.0000    0.0000
    564.92      1461.23      0.00     1.00       0.0000    0.0000
    566.96      1461.24      0.00     1.00       0.0000    0.0000
    569.00      1461.25      0.00     1.00       0.0000    0.0000
    571.04      1461.26      0.00     1.00       0.0000    0.0000
    573.08      1461.27      0.00     1.00       0.0000    0.0000
    575.12      1461.27      0.00     1.00       0.0000    0.0000
    577.16      1461.27      0.00     1.00       0.0000    0.0000
    579.20      1461.28      0.00     1.00       0.0000    0.0000
    581.24      1461.29      0.00     1.00       0.0000    0.0000
    583.28      1461.31      0.00     1.00       0.0000    0.0000
    585.32      1461.33      0.00     1.00       0.0000    0.0000
    587.36      1461.35      0.00     1.00       0.0000    0.0000
    589.40      1461.36      0.00     1.00       0.0000    0.0000
    591.44      1461.36      0.00     1.00       0.0000    0.0000
    593.47      1461.38      0.00     1.00       0.0000    0.0000
    595.51      1461.40      0.00     1.00       0.0000    0.0000
    597.55      1461.39      0.00     1.00       0.0000    0.0000
    599.59      1461.40      0.00     1.00       0.0000    0.0000
    601.63      1461.41      0.00     1.00       0.0000    0.0000
    603.67      1461.43      0.00     1.00       0.0000    0.0000
    605.71      1461.45      0.00     1.00       0.0000    0.0000
    607.75      1461.47      0.00     1.00       0.0000    0.0000
    609.79      1461.49      0.00     1.00       0.0000    0.0000
    611.83      1461.51      0.00     1.00       0.0000    0.0000
    613.87      1461.53      0.00     1.00       0.0000    0.0000
    615.91      1461.55      0.00     1.00       0.0000    0.0000
    617.95      1461.58      0.00     1.00       0.0000    0.0000
    619.99      1461.59      0.00     1.00       0.0000    0.0000
    622.03      1461.61      0.00     1.00       0.0000    0.0000
    624.07      1461.62      0.00     1.00       0.0000    0.0000
    626.11      1461.63      0.00     1.00       0.0000    0.0000
    628.15      1461.64      0.00     1.00       0.0000    0.0000
    630.18      1461.66      0.00     1.00       0.0000    0.0000
    632.22      1461.67      0.00     1.00       0.0000    0.0000
    634.26      1461.69      0.00     1.00       0.0000    0.0000
    636.30      1461.70      0.00     1.00       0.0000    0.0000
    638.34      1461.72      0.00     1.00       0.0000    0.0000
    640.38      1461.73      0.00     1.00       0.0000    0.0000
    642.42      1461.75      0.00     1.00       0.0000    0.0000
    644.46      1461.76      0.00     1.00       0.0000    0.0000
    646.50      1461.78      0.00     1.00       0.0000    0.0000
    648.54      1461.79      0.00     1.00       0.0000    0.0000
    650.58      1461.81      0.00     1.00       0.0000    0.0000
    652.62      1461.82      0.00     1.00       0.0000    0.0000
    654.66      1461.84      0.00     1.00       0.0000    0.0000
    656.70      1461.86      0.00     1.00       0.0000    0.0000
    658.74      1461.88      0.00     1.00       0.0000    0.0000
    660.78      1461.91      0.00     1.00       0.0000    0.0000
    662.82      1461.93      0.00     1.00       0.0000    0.0000
    664.85      1461.95      0.00     1.00       0.0000    0.0000
    666.89      1461.97      0.00     1.00       0.0000    0.0000
    668.93      1462.00      0.00     1.00       0.0000    0.0000
    670.97      1462.02      0.00     1.00       0.0000    0.0000
    673.01      1462.04      0.00     1.00       0.0000    0.0000
    675.05      1462.06      0.00     1.00       0.0000    0.0000
    677.09      1462.08      0.00     1.00       0.0000    0.0000
    679.13      1462.09      0.00     1.00       0.0000    0.0000
    681.17      1462.11      0.00     1.00       0.0000    0.0000
    683.21      1462.13      0.00     1.00       0.0000    0.0000
    685.25      1462.15      0.00     1.00       0.0000    0.0000
    687.29      1462.18      0.00     1.00       0.0000    0.0000
    689.33      1462.21      0.00     1.00       0.0000    0.0000
    691.37      1462.23      0.00     1.00       0.0000    0.0000
    693.41      1462.26      0.00     1.00       0.0000    0.0000
    695.45      1462.28      0.00     1.00       0.0000    0.0000
    697.49      1462.30      0.00     1.00       0.0000    0.0000
    699.53      1462.32      0.00     1.00       0.0000    0.0000
    701.56      1462.34      0.00     1.00       0.0000    0.0000
    703.60      1462.36      0.00     1.00       0.0000    0.0000
    705.64      1462.39      0.00     1.00       0.0000    0.0000
    707.68      1462.41      0.00     1.00       0.0000    0.0000
    709.72      1462.43      0.00     1.00       0.0000    0.0000
    711.76      1462.45      0.00     1.00       0.0000    0.0000
    713.80      1462.46      0.00     1.00       0.0000    0.0000
    715.84      1462.48      0.00     1.00       0.0000    0.0000
    717.88      1462.50      0.00     1.00       0.0000    0.0000
    719.92      1462.53      0.00     1.00       0.0000    0.0000
    721.96      1462.55      0.00     1.00       0.0000    0.0000
    724.00      1462.57      0.00     1.00       0.0000    0.0000
    726.04      1462.60      0.00     1.00       0.0000    0.0000
    728.08      1462.62      0.00     1.00       0.0000    0.0000
    730.12      1462.64      0.00     1.00       0.0000    0.0000
    732.16      1462.67      0.00     1.00       0.0000    0.0000
    734.20      1462.69      0.00     1.00       0.0000    0.0000
    736.24      1462.70      0.00     1.00       0.0000    0.0000
    738.27      1462.72      0.00     1.00       0.0000    0.0000
    740.31      1462.75      0.00     1.00       0.0000    0.0000
    742.35      1462.77      0.00     1.00       0.0000    0.0000
    744.39      1462.79      0.00     1.00       0.0000    0.0000
    746.43      1462.82      0.00     1.00       0.0000    0.0000
    748.47      1462.84      0.00     1.00       0.0000    0.0000
    750.51      1462.86      0.00     1.00       0.0000    0.0000
    752.55      1462.88      0.00     1.00       0.0000    0.0000
    754.59      1462.90      0.00     1.00       0.0000    0.0000
    756.63      1462.92      0.00     1.00       0.0000    0.0000
    758.67      1462.94      0.00     1.00       0.0000    0.0000
    760.71      1462.96      0.00     1.00       0.0000    0.0000
    762.75      1462.98      0.00     1.00       0.0000    0.0000
    764.79      1463.00      0.00     1.00       0.0000    0.0000
    766.83      1463.02      0.00     1.00       0.0000    0.0000
    768.87      1463.04      0.00     1.00       0.0000    0.0000
    770.91      1463.06      0.00     1.00       0.0000    0.0000
    800.00      1463.52      0.00     1.00       0.0000    0.0000
    900.00      1465.12      0.00     1.00       0.0000    0.0000
   1000.00      1466.72      0.00     1.00       0.0000    0.0000
   1100.00      1468.32      0.00     1.00       0.0000    0.0000
   1200.00      1469.92      0.00     1.00       0.0000    0.0000
   1300.00      1471.52      0.00     1.00       0.0000    0.0000
   1400.00      1473.12      0.00     1.00       0.0000    0.0000
   1500.00      1474.72      0.00     1.00       0.0000    0.0000
   1600.00      1476.32      0.00     1.00       0.0000    0.0000
   1700.00      1477.92      0.00     1.00       0.0000    0.0000
   1800.00      1479.52      0.00     1.00       0.0000    0.0000
   1900.00      1481.12      0.00     1.00       0.0000    0.0000
   2000.00      1482.72      0.00     1.00       0.0000    0.0000
   2100.00      1484.32      0.00     1.00       0.0000    0.0000
   2200.00      1485.92      0.00     1.00       0.0000    0.0000
   2300.00      1487.52      0.00     1.00       0.0000    0.0000
   2400.00      1489.12      0.00     1.00       0.0000    0.0000
   2500.00      1490.72      0.00     1.00       0.0000    0.0000
   2600.00      1492.32      0.00     1.00       0.0000    0.0000
   2700.00      1493.92      0.00     1.00       0.0000    0.0000
   2800.00      1495.52      0.00     1.00       0.0000    0.0000
   2900.00      1497.12      0.00     1.00       0.0000    0.0000
   3000.00      1498.72      0.00     1.00       0.0000    0.0000

                                 ( RMS roughness =   0.00     )
     ACOUSTO-ELASTIC half-space
   3000.00      2200.00   1500.00     2.90       0.0000    0.0000

 __________________________________________________________________________


 Number of source   depths =            1
 Source   depths (m)
   238.000    

 Number of receiver depths =           51
 Receiver depths (m)
   0.00000       60.0000       120.000       180.000       240.000    
   300.000       360.000       420.000       480.000       540.000    
   600.000       660.000       720.000       780.000       840.000    
   900.000       960.000       1020.00       1080.00       1140.00    
   1200.00    
          ... 
   3000.00    

 Number of receiver ranges =         1001
 Receiver ranges (km)
   0.00000      0.500000E-01  0.100000      0.150000      0.200000    
  0.250000      0.300000      0.350000      0.400000      0.450000    
  0.500000      0.550000      0.600000      0.650000      0.700000    
  0.750000      0.800000      0.850000      0.900000      0.950000    
   1.00000    
          ... 
   50.0000    

 Ray trace run
 Geometric hat beams in Cartesian coordinates
 Point source (cylindrical coordinates)
 Rectilinear receiver grid: Receivers at rr( : ) x rz( : )

 Number of beams in elevation   =            8
 Beam take-off angles (degrees)
  -15.0000      -14.0000      -13.0000      -12.0000      -11.0000    
  -10.0000      -9.00000      -8.00000    

 __________________________________________________________________________


 Step length,       deltas =   0.000     m

 Maximum ray depth, Box%z  =   3500.     m
 Maximum ray range, Box%r  =  0.5100E+05 m


 Step length,       deltas =   300.0     m (automatically selected)

Tracing beam       1    -15.00
Tracing beam       2    -14.00
Tracing beam       3    -13.00
Tracing beam       4    -12.00
Tracing beam       5    -11.00
Tracing beam       6    -10.00
Tracing beam       7     -9.00
Tracing beam       8     -8.00

 CPU Time =       0.871E-01s
