 _________________________________________________

 KRAKENC-ICEX meanssp 1000Hz                                                     
 Frequency =   1000.    Hz
 NMedia    =   1


     N2-Linear approximation to SSP
     Attenuation units: dB/mkHz
     Twersky SOFT BOSS scatter model

 Twersky ice model parameters:
 Bump Density =    0.920000E-02  Eta =    8.20      Xi =    5.10    



   z (m)     alphaR (m/s)   betaR  rho (g/cm^3)  alphaI     betaI


       ( # mesh points =     0  RMS roughness =   0.00     m )
      0.00      1433.00      0.00     1.00       0.0000    0.0000
     14.94      1433.05      0.00     1.00       0.0000    0.0000
     15.94      1433.10      0.00     1.00       0.0000    0.0000
     16.94      1433.16      0.00     1.00       0.0000    0.0000
     19.94      1433.32      0.00     1.00       0.0000    0.0000
     21.94      1433.41      0.00     1.00       0.0000    0.0000
     22.94      1433.43      0.00     1.00       0.0000    0.0000
     24.94      1433.49      0.00     1.00       0.0000    0.0000
     26.94      1433.54      0.00     1.00       0.0000    0.0000
     28.94      1433.60      0.00     1.00       0.0000    0.0000
     30.94      1433.66      0.00     1.00       0.0000    0.0000
     32.94      1433.75      0.00     1.00       0.0000    0.0000
     34.94      1433.88      0.00     1.00       0.0000    0.0000
     36.94      1434.08      0.00     1.00       0.0000    0.0000
     38.94      1434.43      0.00     1.00       0.0000    0.0000
     40.94      1434.95      0.00     1.00       0.0000    0.0000
     42.94      1435.61      0.00     1.00       0.0000    0.0000
     44.94      1436.48      0.00     1.00       0.0000    0.0000
     46.94      1437.45      0.00     1.00       0.0000    0.0000
     48.94      1438.47      0.00     1.00       0.0000    0.0000
     49.94      1438.99      0.00     1.00       0.0000    0.0000
     51.94      1440.05      0.00     1.00       0.0000    0.0000
     52.94      1440.58      0.00     1.00       0.0000    0.0000
     54.94      1441.57      0.00     1.00       0.0000    0.0000
     56.94      1442.47      0.00     1.00       0.0000    0.0000
     58.94      1443.22      0.00     1.00       0.0000    0.0000
     60.94      1443.77      0.00     1.00       0.0000    0.0000
     62.94      1444.13      0.00     1.00       0.0000    0.0000
     64.94      1444.33      0.00     1.00       0.0000    0.0000
     66.94      1444.41      0.00     1.00       0.0000    0.0000
     68.94      1444.40      0.00     1.00       0.0000    0.0000
     70.94      1444.33      0.00     1.00       0.0000    0.0000
     71.94      1444.28      0.00     1.00       0.0000    0.0000
     73.94      1444.16      0.00     1.00       0.0000    0.0000
     74.94      1444.09      0.00     1.00       0.0000    0.0000
     76.94      1443.95      0.00     1.00       0.0000    0.0000
     78.94      1443.81      0.00     1.00       0.0000    0.0000
     80.94      1443.66      0.00     1.00       0.0000    0.0000
     82.94      1443.52      0.00     1.00       0.0000    0.0000
     84.94      1443.38      0.00     1.00       0.0000    0.0000
     86.94      1443.25      0.00     1.00       0.0000    0.0000
     88.94      1443.12      0.00     1.00       0.0000    0.0000
     90.94      1443.00      0.00     1.00       0.0000    0.0000
     91.94      1442.94      0.00     1.00       0.0000    0.0000
     93.94      1442.82      0.00     1.00       0.0000    0.0000
     94.94      1442.77      0.00     1.00       0.0000    0.0000
     96.94      1442.66      0.00     1.00       0.0000    0.0000
     97.94      1442.61      0.00     1.00       0.0000    0.0000
     99.94      1442.51      0.00     1.00       0.0000    0.0000
    101.94      1442.41      0.00     1.00       0.0000    0.0000
    103.94      1442.31      0.00     1.00       0.0000    0.0000
    105.94      1442.22      0.00     1.00       0.0000    0.0000
    107.94      1442.14      0.00     1.00       0.0000    0.0000
    109.94      1442.06      0.00     1.00       0.0000    0.0000
    110.94      1442.03      0.00     1.00       0.0000    0.0000
    112.94      1441.96      0.00     1.00       0.0000    0.0000
    113.94      1441.93      0.00     1.00       0.0000    0.0000
    115.94      1441.89      0.00     1.00       0.0000    0.0000
    117.94      1441.85      0.00     1.00       0.0000    0.0000
    119.94      1441.82      0.00     1.00       0.0000    0.0000
    121.94      1441.80      0.00     1.00       0.0000    0.0000
    123.94      1441.79      0.00     1.00       0.0000    0.0000
    125.94      1441.79      0.00     1.00       0.0000    0.0000
    127.94      1441.79      0.00     1.00       0.0000    0.0000
    128.94      1441.80      0.00     1.00       0.0000    0.0000
    130.94      1441.81      0.00     1.00       0.0000    0.0000
    131.94      1441.82      0.00     1.00       0.0000    0.0000
    133.94      1441.83      0.00     1.00       0.0000    0.0000
    135.94      1441.85      0.00     1.00       0.0000    0.0000
    137.94      1441.87      0.00     1.00       0.0000    0.0000
    139.94      1441.90      0.00     1.00       0.0000    0.0000
    141.94      1441.92      0.00     1.00       0.0000    0.0000
    143.94      1441.94      0.00     1.00       0.0000    0.0000
    145.94      1441.96      0.00     1.00       0.0000    0.0000
    146.94      1441.98      0.00     1.00       0.0000    0.0000
    148.94      1442.00      0.00     1.00       0.0000    0.0000
    149.94      1442.01      0.00     1.00       0.0000    0.0000
    151.94      1442.04      0.00     1.00       0.0000    0.0000
    153.94      1442.06      0.00     1.00       0.0000    0.0000
    155.94      1442.09      0.00     1.00       0.0000    0.0000
    157.94      1442.11      0.00     1.00       0.0000    0.0000
    159.94      1442.14      0.00     1.00       0.0000    0.0000
    161.94      1442.16      0.00     1.00       0.0000    0.0000
    163.94      1442.18      0.00     1.00       0.0000    0.0000
    164.94      1442.19      0.00     1.00       0.0000    0.0000
    166.94      1442.21      0.00     1.00       0.0000    0.0000
    167.94      1442.22      0.00     1.00       0.0000    0.0000
    169.94      1442.24      0.00     1.00       0.0000    0.0000
    171.94      1442.26      0.00     1.00       0.0000    0.0000
    173.94      1442.28      0.00     1.00       0.0000    0.0000
    175.94      1442.30      0.00     1.00       0.0000    0.0000
    177.94      1442.32      0.00     1.00       0.0000    0.0000
    179.94      1442.35      0.00     1.00       0.0000    0.0000
    180.94      1442.36      0.00     1.00       0.0000    0.0000
    182.94      1442.39      0.00     1.00       0.0000    0.0000
    183.94      1442.40      0.00     1.00       0.0000    0.0000
    185.94      1442.44      0.00     1.00       0.0000    0.0000
    186.94      1442.45      0.00     1.00       0.0000    0.0000
    188.94      1442.49      0.00     1.00       0.0000    0.0000
    190.94      1442.54      0.00     1.00       0.0000    0.0000
    192.94      1442.59      0.00     1.00       0.0000    0.0000
    194.94      1442.64      0.00     1.00       0.0000    0.0000
    196.94      1442.70      0.00     1.00       0.0000    0.0000
    197.94      1442.73      0.00     1.00       0.0000    0.0000
    199.94      1442.80      0.00     1.00       0.0000    0.0000
    200.94      1442.84      0.00     1.00       0.0000    0.0000
    202.94      1442.92      0.00     1.00       0.0000    0.0000
    204.94      1443.01      0.00     1.00       0.0000    0.0000
    206.94      1443.11      0.00     1.00       0.0000    0.0000
    208.94      1443.21      0.00     1.00       0.0000    0.0000
    210.94      1443.32      0.00     1.00       0.0000    0.0000
    212.94      1443.44      0.00     1.00       0.0000    0.0000
    214.94      1443.58      0.00     1.00       0.0000    0.0000
    215.94      1443.65      0.00     1.00       0.0000    0.0000
    217.94      1443.80      0.00     1.00       0.0000    0.0000
    218.94      1443.88      0.00     1.00       0.0000    0.0000
    220.94      1444.04      0.00     1.00       0.0000    0.0000
    222.94      1444.22      0.00     1.00       0.0000    0.0000
    224.94      1444.40      0.00     1.00       0.0000    0.0000
    226.94      1444.60      0.00     1.00       0.0000    0.0000
    228.94      1444.80      0.00     1.00       0.0000    0.0000
    230.94      1445.02      0.00     1.00       0.0000    0.0000
    232.94      1445.24      0.00     1.00       0.0000    0.0000
    233.94      1445.35      0.00     1.00       0.0000    0.0000
    235.94      1445.57      0.00     1.00       0.0000    0.0000
    236.94      1445.69      0.00     1.00       0.0000    0.0000
    238.94      1445.93      0.00     1.00       0.0000    0.0000
    240.94      1446.19      0.00     1.00       0.0000    0.0000
    242.94      1446.45      0.00     1.00       0.0000    0.0000
    244.94      1446.69      0.00     1.00       0.0000    0.0000
    246.94      1446.93      0.00     1.00       0.0000    0.0000
    248.94      1447.00      0.00     1.00       0.0000    0.0000
    250.94      1447.08      0.00     1.00       0.0000    0.0000
    254.94      1447.57      0.00     1.00       0.0000    0.0000
    259.94      1448.13      0.00     1.00       0.0000    0.0000
    265.94      1448.81      0.00     1.00       0.0000    0.0000
    272.94      1449.57      0.00     1.00       0.0000    0.0000
    279.94      1450.30      0.00     1.00       0.0000    0.0000
    286.94      1451.00      0.00     1.00       0.0000    0.0000
    294.94      1451.76      0.00     1.00       0.0000    0.0000
    301.94      1452.39      0.00     1.00       0.0000    0.0000
    309.94      1453.09      0.00     1.00       0.0000    0.0000
    316.94      1453.65      0.00     1.00       0.0000    0.0000
    323.94      1454.19      0.00     1.00       0.0000    0.0000
    331.94      1454.76      0.00     1.00       0.0000    0.0000
    338.94      1455.21      0.00     1.00       0.0000    0.0000
    346.94      1455.71      0.00     1.00       0.0000    0.0000
    353.94      1456.13      0.00     1.00       0.0000    0.0000
    360.94      1456.53      0.00     1.00       0.0000    0.0000
    367.94      1456.90      0.00     1.00       0.0000    0.0000
    374.94      1457.23      0.00     1.00       0.0000    0.0000
    382.94      1457.57      0.00     1.00       0.0000    0.0000
    389.94      1457.82      0.00     1.00       0.0000    0.0000
    396.94      1458.04      0.00     1.00       0.0000    0.0000
    404.94      1458.27      0.00     1.00       0.0000    0.0000
    411.94      1458.50      0.00     1.00       0.0000    0.0000
    419.94      1458.76      0.00     1.00       0.0000    0.0000
    426.94      1458.96      0.00     1.00       0.0000    0.0000
    433.94      1459.15      0.00     1.00       0.0000    0.0000
    440.94      1459.32      0.00     1.00       0.0000    0.0000
    447.94      1459.47      0.00     1.00       0.0000    0.0000
    454.94      1459.64      0.00     1.00       0.0000    0.0000
    461.94      1459.81      0.00     1.00       0.0000    0.0000
    469.94      1459.97      0.00     1.00       0.0000    0.0000
    476.94      1460.08      0.00     1.00       0.0000    0.0000
    483.94      1460.18      0.00     1.00       0.0000    0.0000
    491.94      1460.30      0.00     1.00       0.0000    0.0000
    498.94      1460.38      0.00     1.00       0.0000    0.0000
    506.94      1460.48      0.00     1.00       0.0000    0.0000
    513.94      1460.57      0.00     1.00       0.0000    0.0000
    520.94      1460.67      0.00     1.00       0.0000    0.0000
    527.94      1460.76      0.00     1.00       0.0000    0.0000
    534.94      1460.85      0.00     1.00       0.0000    0.0000
    542.94      1460.94      0.00     1.00       0.0000    0.0000
    549.94      1461.00      0.00     1.00       0.0000    0.0000
    557.94      1461.07      0.00     1.00       0.0000    0.0000
    564.94      1461.13      0.00     1.00       0.0000    0.0000
    572.94      1461.22      0.00     1.00       0.0000    0.0000
    579.94      1461.30      0.00     1.00       0.0000    0.0000
    587.94      1461.38      0.00     1.00       0.0000    0.0000
    594.94      1461.44      0.00     1.00       0.0000    0.0000
    601.94      1461.50      0.00     1.00       0.0000    0.0000
    609.94      1461.56      0.00     1.00       0.0000    0.0000
    616.94      1461.62      0.00     1.00       0.0000    0.0000
    624.94      1461.69      0.00     1.00       0.0000    0.0000
    631.94      1461.76      0.00     1.00       0.0000    0.0000
    639.94      1461.84      0.00     1.00       0.0000    0.0000
    647.94      1461.92      0.00     1.00       0.0000    0.0000
    654.94      1462.00      0.00     1.00       0.0000    0.0000
    662.94      1462.08      0.00     1.00       0.0000    0.0000
    670.94      1462.16      0.00     1.00       0.0000    0.0000
    677.94      1462.23      0.00     1.00       0.0000    0.0000
    684.94      1462.30      0.00     1.00       0.0000    0.0000
    692.94      1462.39      0.00     1.00       0.0000    0.0000
    700.94      1462.47      0.00     1.00       0.0000    0.0000
    708.94      1462.55      0.00     1.00       0.0000    0.0000
    716.94      1462.64      0.00     1.00       0.0000    0.0000
    723.94      1462.71      0.00     1.00       0.0000    0.0000
    731.94      1462.79      0.00     1.00       0.0000    0.0000
    735.94      1462.83      0.00     1.00       0.0000    0.0000
    739.94      1462.86      0.00     1.00       0.0000    0.0000
    740.31      1462.87      0.00     1.00       0.0000    0.0000
    742.35      1462.89      0.00     1.00       0.0000    0.0000
    744.39      1462.91      0.00     1.00       0.0000    0.0000
    746.43      1462.93      0.00     1.00       0.0000    0.0000
    748.47      1462.95      0.00     1.00       0.0000    0.0000
    750.51      1462.97      0.00     1.00       0.0000    0.0000
    752.55      1462.99      0.00     1.00       0.0000    0.0000
    754.59      1463.01      0.00     1.00       0.0000    0.0000
    756.63      1463.03      0.00     1.00       0.0000    0.0000
    758.67      1463.05      0.00     1.00       0.0000    0.0000
    760.71      1463.07      0.00     1.00       0.0000    0.0000
    762.75      1463.09      0.00     1.00       0.0000    0.0000
    764.79      1463.11      0.00     1.00       0.0000    0.0000
    766.83      1463.13      0.00     1.00       0.0000    0.0000
    768.87      1463.15      0.00     1.00       0.0000    0.0000
    770.91      1463.17      0.00     1.00       0.0000    0.0000
    800.00      1463.46      0.00     1.00       0.0000    0.0000
    900.00      1464.46      0.00     1.00       0.0000    0.0000
   1000.00      1465.46      0.00     1.00       0.0000    0.0000
   1100.00      1466.46      0.00     1.00       0.0000    0.0000
   1200.00      1467.46      0.00     1.00       0.0000    0.0000
   1300.00      1468.46      0.00     1.00       0.0000    0.0000
   1400.00      1469.46      0.00     1.00       0.0000    0.0000
   1500.00      1470.46      0.00     1.00       0.0000    0.0000
   1600.00      1471.46      0.00     1.00       0.0000    0.0000
   1700.00      1472.46      0.00     1.00       0.0000    0.0000
   1800.00      1473.46      0.00     1.00       0.0000    0.0000
   1900.00      1474.46      0.00     1.00       0.0000    0.0000
   2000.00      1475.46      0.00     1.00       0.0000    0.0000
   2100.00      1476.46      0.00     1.00       0.0000    0.0000
   2200.00      1477.46      0.00     1.00       0.0000    0.0000
   2300.00      1478.46      0.00     1.00       0.0000    0.0000
   2400.00      1479.46      0.00     1.00       0.0000    0.0000
   2500.00      1480.46      0.00     1.00       0.0000    0.0000
   2600.00      1481.46      0.00     1.00       0.0000    0.0000
   2700.00      1482.46      0.00     1.00       0.0000    0.0000
   2800.00      1483.46      0.00     1.00       0.0000    0.0000
   2900.00      1484.46      0.00     1.00       0.0000    0.0000
   3000.00      1485.46      0.00     1.00       0.0000    0.0000
        ( Number mesh points auto calc. =        40391  )

                              ( RMS roughness =   0.00     m )
     ACOUSTO-ELASTIC half-space
   3000.00      2200.00   1500.00     2.90       0.0000    0.0000

 cLow =   1430.0     m/s      cHigh =   1500.0     m/s
 RMax =   50.000     km

 __________________________________________________________________________


 Number of source   depths =            1
 Source   depths (m)
   1.26000    

 Number of receiver depths =          800
 Receiver depths (m)
   0.00000       1.00125       2.00250       3.00375       4.00501    
   5.00626       6.00751       7.00876       8.01001       9.01126    
   10.0125       11.0138       12.0150       13.0163       14.0175    
   15.0188       16.0200       17.0213       18.0225       19.0238    
   20.0250    
          ... 
   800.000    

 Mesh multiplier   CPU seconds
 Max. number of restarts in root finder, MaxTries =            1
        1             5.91    s
 Max. number of restarts in root finder, MaxTries =            1
        2             7.55    s
 Max. number of restarts in root finder, MaxTries =            1
        4             1.77    s

    I    k (1/m)            alpha (1/m)   Phase Speed (m/s) Group Speed (m/s)
    1   4.383195539       0.000000000       1433.471368       1432.932974    
   28   4.343637986       0.000000000       1446.526006       1438.253515    
   55   4.318536397       0.000000000       1454.933971       1439.216793    
   82   4.301493694       0.000000000       1460.698482       1450.194060    
  109   4.293932735       0.000000000       1463.270548       1454.547608    
  136   4.288066863       0.000000000       1465.272233       1455.953766    
  163   4.282914314       0.000000000       1467.035025       1456.986877    
  190   4.278208124       0.000000000       1468.648819       1457.796723    
  217   4.273821277       0.000000000       1470.156307       1458.496674    
  244   4.269679523       0.000000000       1471.582416       1459.126674    
  271   4.265735059       0.000000000       1472.943167       1459.702907    
  298   4.261954401       0.000000000       1474.249773       1460.237580    
  325   4.258313000       0.000000000       1475.510444       1460.743580    
  352   4.254792333       0.000000000       1476.731369       1461.224236    
  379   4.251377751       0.000000000       1477.917436       1461.680529    
  406   4.248057456       0.000000000       1479.072581       1462.121435    
  433   4.244821830       0.000000000       1480.200008       1462.545516    
  460   4.241662901       0.000000000       1481.302370       1462.956721    
  487   4.238573918       0.000000000       1482.381912       1463.357087    
  514   4.235549090       0.000000000       1483.440558       1463.743887    
  541   4.232583478       0.000000000       1484.479949       1464.123380    
  568   4.229649149       0.000000000       1485.509811       1463.307228    
  595   4.226329735       0.000000000       1486.676550       1459.830037    
  622   4.222631480       0.000000000       1487.978607       1457.411427    
  649   4.218638070       0.000000000       1489.387144       1455.246655    
  676   4.214380663       0.000000000       1490.891737       1453.174910    
  703   4.209876135       0.000000000       1492.486977       1451.146332    
  730   4.205134930       0.000000000       1494.169726       1449.134795    
  757   4.200164366       0.000000000       1495.937958       1447.124632    
  784   4.194969591       0.000000000       1497.790430       1445.170151    
  811   4.189555163       0.000000000       1499.726120       1443.967509    
 _________________________________________________

 End of environmental file
